Nov 13, 2012 3:29:03 PM org.apache.catalina.core.AprLifecycleListener init
INFO: The APR based Apache Tomcat Native library which allows optimal performance in production environments was not found on the java.library.path: /usr/lib/jvm/java-6-openjdk-amd64/jre/lib/amd64/server:/usr/lib/jvm/java-6-openjdk-amd64/jre/lib/amd64:/usr/lib/jvm/java-6-openjdk-amd64/jre/../lib/amd64:/usr/java/packages/lib/amd64:/usr/lib/x86_64-linux-gnu/jni:/lib/x86_64-linux-gnu:/usr/lib/x86_64-linux-gnu:/usr/lib/jni:/lib:/usr/lib
Nov 13, 2012 3:29:03 PM org.apache.coyote.AbstractProtocol init
INFO: Initializing ProtocolHandler ["http-bio-8080"]
Nov 13, 2012 3:29:03 PM org.apache.coyote.AbstractProtocol init
INFO: Initializing ProtocolHandler ["ajp-bio-8009"]
Nov 13, 2012 3:29:03 PM org.apache.catalina.startup.Catalina load
INFO: Initialization processed in 886 ms
Nov 13, 2012 3:29:03 PM org.apache.catalina.core.StandardService startInternal
INFO: Starting service Catalina
Nov 13, 2012 3:29:03 PM org.apache.catalina.core.StandardEngine startInternal
INFO: Starting Servlet Engine: Apache Tomcat/7.0.22
Nov 13, 2012 3:29:03 PM org.apache.catalina.startup.HostConfig deployWAR
INFO: Deploying web application archive BBB.war
Nov 13, 2012 3:29:04 PM org.apache.coyote.AbstractProtocol start
INFO: Starting ProtocolHandler ["http-bio-8080"]
Nov 13, 2012 3:29:04 PM org.apache.coyote.AbstractProtocol start
INFO: Starting ProtocolHandler ["ajp-bio-8009"]
Nov 13, 2012 3:29:04 PM org.apache.catalina.startup.Catalina start
INFO: Server startup in 1077 ms
Nov 13, 2012 3:29:13 PM globo.bbb.datastore.pool.ConnectionPool start
INFO: Iniciando o pool de conexões
SLF4J: Failed to load class "org.slf4j.impl.StaticLoggerBinder".
SLF4J: Defaulting to no-operation (NOP) logger implementation
SLF4J: See http://www.slf4j.org/codes.html#StaticLoggerBinder for further details.
Nov 13, 2012 3:45:06 PM org.apache.catalina.startup.HostConfig checkResources
INFO: Undeploying context [/BBB]
Nov 13, 2012 3:45:06 PM org.apache.catalina.loader.WebappClassLoader clearReferencesThreads
SEVERE: The web application [/BBB] appears to have started a thread named [VolteReader] but has failed to stop it. This is very likely to create a memory leak.
Nov 13, 2012 3:45:06 PM org.apache.catalina.loader.WebappClassLoader clearReferencesThreads
SEVERE: The web application [/BBB] appears to have started a thread named [TotalVoltesUpdate] but has failed to stop it. This is very likely to create a memory leak.
Nov 13, 2012 3:45:06 PM org.apache.catalina.startup.HostConfig deployWAR
INFO: Deploying web application archive BBB.war
Nov 13, 2012 3:45:37 PM org.apache.catalina.startup.HostConfig checkResources
INFO: Undeploying context [/BBB]
Nov 13, 2012 3:45:38 PM org.apache.catalina.startup.HostConfig deployWAR
INFO: Deploying web application archive BBB.war
Nov 13, 2012 3:45:42 PM org.apache.catalina.core.AprLifecycleListener init
INFO: The APR based Apache Tomcat Native library which allows optimal performance in production environments was not found on the java.library.path: /usr/lib/jvm/java-6-openjdk-amd64/jre/lib/amd64/server:/usr/lib/jvm/java-6-openjdk-amd64/jre/lib/amd64:/usr/lib/jvm/java-6-openjdk-amd64/jre/../lib/amd64:/usr/java/packages/lib/amd64:/usr/lib/x86_64-linux-gnu/jni:/lib/x86_64-linux-gnu:/usr/lib/x86_64-linux-gnu:/usr/lib/jni:/lib:/usr/lib
Nov 13, 2012 3:45:43 PM org.apache.coyote.AbstractProtocol init
INFO: Initializing ProtocolHandler ["http-bio-8080"]
Nov 13, 2012 3:45:43 PM org.apache.coyote.AbstractProtocol init
SEVERE: Failed to initialize end point associated with ProtocolHandler ["http-bio-8080"]
java.net.BindException: Address already in use <null>:8080
	at org.apache.tomcat.util.net.JIoEndpoint.bind(JIoEndpoint.java:386)
	at org.apache.tomcat.util.net.AbstractEndpoint.init(AbstractEndpoint.java:498)
	at org.apache.coyote.AbstractProtocol.init(AbstractProtocol.java:369)
	at org.apache.coyote.http11.AbstractHttp11JsseProtocol.init(AbstractHttp11JsseProtocol.java:119)
	at org.apache.catalina.connector.Connector.initInternal(Connector.java:909)
	at org.apache.catalina.util.LifecycleBase.init(LifecycleBase.java:102)
	at org.apache.catalina.core.StandardService.initInternal(StandardService.java:559)
	at org.apache.catalina.util.LifecycleBase.init(LifecycleBase.java:102)
	at org.apache.catalina.core.StandardServer.initInternal(StandardServer.java:781)
	at org.apache.catalina.util.LifecycleBase.init(LifecycleBase.java:102)
	at org.apache.catalina.startup.Catalina.load(Catalina.java:573)
	at org.apache.catalina.startup.Catalina.load(Catalina.java:596)
	at sun.reflect.NativeMethodAccessorImpl.invoke0(Native Method)
	at sun.reflect.NativeMethodAccessorImpl.invoke(NativeMethodAccessorImpl.java:57)
	at sun.reflect.DelegatingMethodAccessorImpl.invoke(DelegatingMethodAccessorImpl.java:43)
	at java.lang.reflect.Method.invoke(Method.java:616)
	at org.apache.catalina.startup.Bootstrap.load(Bootstrap.java:281)
	at org.apache.catalina.startup.Bootstrap.main(Bootstrap.java:449)
Caused by: java.net.BindException: Address already in use
	at java.net.PlainSocketImpl.socketBind(Native Method)
	at java.net.AbstractPlainSocketImpl.bind(AbstractPlainSocketImpl.java:353)
	at java.net.ServerSocket.bind(ServerSocket.java:336)
	at java.net.ServerSocket.<init>(ServerSocket.java:202)
	at java.net.ServerSocket.<init>(ServerSocket.java:158)
	at org.apache.tomcat.util.net.DefaultServerSocketFactory.createSocket(DefaultServerSocketFactory.java:48)
	at org.apache.tomcat.util.net.JIoEndpoint.bind(JIoEndpoint.java:373)
	... 17 more
Nov 13, 2012 3:45:43 PM org.apache.catalina.core.StandardService initInternal
SEVERE: Failed to initialize connector [Connector[HTTP/1.1-8080]]
org.apache.catalina.LifecycleException: Failed to initialize component [Connector[HTTP/1.1-8080]]
	at org.apache.catalina.util.LifecycleBase.init(LifecycleBase.java:106)
	at org.apache.catalina.core.StandardService.initInternal(StandardService.java:559)
	at org.apache.catalina.util.LifecycleBase.init(LifecycleBase.java:102)
	at org.apache.catalina.core.StandardServer.initInternal(StandardServer.java:781)
	at org.apache.catalina.util.LifecycleBase.init(LifecycleBase.java:102)
	at org.apache.catalina.startup.Catalina.load(Catalina.java:573)
	at org.apache.catalina.startup.Catalina.load(Catalina.java:596)
	at sun.reflect.NativeMethodAccessorImpl.invoke0(Native Method)
	at sun.reflect.NativeMethodAccessorImpl.invoke(NativeMethodAccessorImpl.java:57)
	at sun.reflect.DelegatingMethodAccessorImpl.invoke(DelegatingMethodAccessorImpl.java:43)
	at java.lang.reflect.Method.invoke(Method.java:616)
	at org.apache.catalina.startup.Bootstrap.load(Bootstrap.java:281)
	at org.apache.catalina.startup.Bootstrap.main(Bootstrap.java:449)
Caused by: org.apache.catalina.LifecycleException: Protocol handler initialization failed
	at org.apache.catalina.connector.Connector.initInternal(Connector.java:911)
	at org.apache.catalina.util.LifecycleBase.init(LifecycleBase.java:102)
	... 12 more
Caused by: java.net.BindException: Address already in use <null>:8080
	at org.apache.tomcat.util.net.JIoEndpoint.bind(JIoEndpoint.java:386)
	at org.apache.tomcat.util.net.AbstractEndpoint.init(AbstractEndpoint.java:498)
	at org.apache.coyote.AbstractProtocol.init(AbstractProtocol.java:369)
	at org.apache.coyote.http11.AbstractHttp11JsseProtocol.init(AbstractHttp11JsseProtocol.java:119)
	at org.apache.catalina.connector.Connector.initInternal(Connector.java:909)
	... 13 more
Caused by: java.net.BindException: Address already in use
	at java.net.PlainSocketImpl.socketBind(Native Method)
	at java.net.AbstractPlainSocketImpl.bind(AbstractPlainSocketImpl.java:353)
	at java.net.ServerSocket.bind(ServerSocket.java:336)
	at java.net.ServerSocket.<init>(ServerSocket.java:202)
	at java.net.ServerSocket.<init>(ServerSocket.java:158)
	at org.apache.tomcat.util.net.DefaultServerSocketFactory.createSocket(DefaultServerSocketFactory.java:48)
	at org.apache.tomcat.util.net.JIoEndpoint.bind(JIoEndpoint.java:373)
	... 17 more
Nov 13, 2012 3:45:43 PM org.apache.coyote.AbstractProtocol init
INFO: Initializing ProtocolHandler ["ajp-bio-8009"]
Nov 13, 2012 3:45:43 PM org.apache.coyote.AbstractProtocol init
SEVERE: Failed to initialize end point associated with ProtocolHandler ["ajp-bio-8009"]
java.net.BindException: Address already in use <null>:8009
	at org.apache.tomcat.util.net.JIoEndpoint.bind(JIoEndpoint.java:386)
	at org.apache.tomcat.util.net.AbstractEndpoint.init(AbstractEndpoint.java:498)
	at org.apache.coyote.AbstractProtocol.init(AbstractProtocol.java:369)
	at org.apache.catalina.connector.Connector.initInternal(Connector.java:909)
	at org.apache.catalina.util.LifecycleBase.init(LifecycleBase.java:102)
	at org.apache.catalina.core.StandardService.initInternal(StandardService.java:559)
	at org.apache.catalina.util.LifecycleBase.init(LifecycleBase.java:102)
	at org.apache.catalina.core.StandardServer.initInternal(StandardServer.java:781)
	at org.apache.catalina.util.LifecycleBase.init(LifecycleBase.java:102)
	at org.apache.catalina.startup.Catalina.load(Catalina.java:573)
	at org.apache.catalina.startup.Catalina.load(Catalina.java:596)
	at sun.reflect.NativeMethodAccessorImpl.invoke0(Native Method)
	at sun.reflect.NativeMethodAccessorImpl.invoke(NativeMethodAccessorImpl.java:57)
	at sun.reflect.DelegatingMethodAccessorImpl.invoke(DelegatingMethodAccessorImpl.java:43)
	at java.lang.reflect.Method.invoke(Method.java:616)
	at org.apache.catalina.startup.Bootstrap.load(Bootstrap.java:281)
	at org.apache.catalina.startup.Bootstrap.main(Bootstrap.java:449)
Caused by: java.net.BindException: Address already in use
	at java.net.PlainSocketImpl.socketBind(Native Method)
	at java.net.AbstractPlainSocketImpl.bind(AbstractPlainSocketImpl.java:353)
	at java.net.ServerSocket.bind(ServerSocket.java:336)
	at java.net.ServerSocket.<init>(ServerSocket.java:202)
	at java.net.ServerSocket.<init>(ServerSocket.java:158)
	at org.apache.tomcat.util.net.DefaultServerSocketFactory.createSocket(DefaultServerSocketFactory.java:48)
	at org.apache.tomcat.util.net.JIoEndpoint.bind(JIoEndpoint.java:373)
	... 16 more
Nov 13, 2012 3:45:43 PM org.apache.catalina.core.StandardService initInternal
SEVERE: Failed to initialize connector [Connector[AJP/1.3-8009]]
org.apache.catalina.LifecycleException: Failed to initialize component [Connector[AJP/1.3-8009]]
	at org.apache.catalina.util.LifecycleBase.init(LifecycleBase.java:106)
	at org.apache.catalina.core.StandardService.initInternal(StandardService.java:559)
	at org.apache.catalina.util.LifecycleBase.init(LifecycleBase.java:102)
	at org.apache.catalina.core.StandardServer.initInternal(StandardServer.java:781)
	at org.apache.catalina.util.LifecycleBase.init(LifecycleBase.java:102)
	at org.apache.catalina.startup.Catalina.load(Catalina.java:573)
	at org.apache.catalina.startup.Catalina.load(Catalina.java:596)
	at sun.reflect.NativeMethodAccessorImpl.invoke0(Native Method)
	at sun.reflect.NativeMethodAccessorImpl.invoke(NativeMethodAccessorImpl.java:57)
	at sun.reflect.DelegatingMethodAccessorImpl.invoke(DelegatingMethodAccessorImpl.java:43)
	at java.lang.reflect.Method.invoke(Method.java:616)
	at org.apache.catalina.startup.Bootstrap.load(Bootstrap.java:281)
	at org.apache.catalina.startup.Bootstrap.main(Bootstrap.java:449)
Caused by: org.apache.catalina.LifecycleException: Protocol handler initialization failed
	at org.apache.catalina.connector.Connector.initInternal(Connector.java:911)
	at org.apache.catalina.util.LifecycleBase.init(LifecycleBase.java:102)
	... 12 more
Caused by: java.net.BindException: Address already in use <null>:8009
	at org.apache.tomcat.util.net.JIoEndpoint.bind(JIoEndpoint.java:386)
	at org.apache.tomcat.util.net.AbstractEndpoint.init(AbstractEndpoint.java:498)
	at org.apache.coyote.AbstractProtocol.init(AbstractProtocol.java:369)
	at org.apache.catalina.connector.Connector.initInternal(Connector.java:909)
	... 13 more
Caused by: java.net.BindException: Address already in use
	at java.net.PlainSocketImpl.socketBind(Native Method)
	at java.net.AbstractPlainSocketImpl.bind(AbstractPlainSocketImpl.java:353)
	at java.net.ServerSocket.bind(ServerSocket.java:336)
	at java.net.ServerSocket.<init>(ServerSocket.java:202)
	at java.net.ServerSocket.<init>(ServerSocket.java:158)
	at org.apache.tomcat.util.net.DefaultServerSocketFactory.createSocket(DefaultServerSocketFactory.java:48)
	at org.apache.tomcat.util.net.JIoEndpoint.bind(JIoEndpoint.java:373)
	... 16 more
Nov 13, 2012 3:45:43 PM org.apache.catalina.startup.Catalina load
INFO: Initialization processed in 2227 ms
Nov 13, 2012 3:45:43 PM org.apache.catalina.core.StandardService startInternal
INFO: Starting service Catalina
Nov 13, 2012 3:45:43 PM org.apache.catalina.core.StandardEngine startInternal
INFO: Starting Servlet Engine: Apache Tomcat/7.0.22
Nov 13, 2012 3:45:44 PM org.apache.catalina.startup.Catalina start
INFO: Server startup in 1192 ms
Nov 13, 2012 3:45:44 PM org.apache.catalina.core.StandardServer await
SEVERE: StandardServer.await: create[localhost:8005]: 
java.net.BindException: Address already in use
	at java.net.PlainSocketImpl.socketBind(Native Method)
	at java.net.AbstractPlainSocketImpl.bind(AbstractPlainSocketImpl.java:353)
	at java.net.ServerSocket.bind(ServerSocket.java:336)
	at java.net.ServerSocket.<init>(ServerSocket.java:202)
	at org.apache.catalina.core.StandardServer.await(StandardServer.java:422)
	at org.apache.catalina.startup.Catalina.await(Catalina.java:709)
	at org.apache.catalina.startup.Catalina.start(Catalina.java:654)
	at sun.reflect.NativeMethodAccessorImpl.invoke0(Native Method)
	at sun.reflect.NativeMethodAccessorImpl.invoke(NativeMethodAccessorImpl.java:57)
	at sun.reflect.DelegatingMethodAccessorImpl.invoke(DelegatingMethodAccessorImpl.java:43)
	at java.lang.reflect.Method.invoke(Method.java:616)
	at org.apache.catalina.startup.Bootstrap.start(Bootstrap.java:322)
	at org.apache.catalina.startup.Bootstrap.main(Bootstrap.java:450)
Nov 13, 2012 3:45:44 PM org.apache.coyote.AbstractProtocol pause
INFO: Pausing ProtocolHandler ["http-bio-8080"]
Nov 13, 2012 3:45:44 PM org.apache.coyote.AbstractProtocol pause
INFO: Pausing ProtocolHandler ["ajp-bio-8009"]
Nov 13, 2012 3:45:44 PM org.apache.catalina.core.StandardService stopInternal
INFO: Stopping service Catalina
Nov 13, 2012 3:45:44 PM org.apache.coyote.AbstractProtocol destroy
INFO: Destroying ProtocolHandler ["http-bio-8080"]
Nov 13, 2012 3:45:44 PM org.apache.coyote.AbstractProtocol destroy
INFO: Destroying ProtocolHandler ["ajp-bio-8009"]
Nov 13, 2012 3:46:53 PM org.apache.catalina.core.StandardServer await
INFO: A valid shutdown command was received via the shutdown port. Stopping the Server instance.
Nov 13, 2012 3:46:53 PM org.apache.coyote.AbstractProtocol pause
INFO: Pausing ProtocolHandler ["http-bio-8080"]
Nov 13, 2012 3:46:54 PM org.apache.coyote.AbstractProtocol pause
INFO: Pausing ProtocolHandler ["ajp-bio-8009"]
Nov 13, 2012 3:46:55 PM org.apache.catalina.core.StandardService stopInternal
INFO: Stopping service Catalina
Nov 13, 2012 3:46:55 PM org.apache.coyote.AbstractProtocol stop
INFO: Stopping ProtocolHandler ["http-bio-8080"]
Nov 13, 2012 3:46:55 PM org.apache.coyote.AbstractProtocol stop
INFO: Stopping ProtocolHandler ["ajp-bio-8009"]
Nov 13, 2012 3:46:55 PM org.apache.coyote.AbstractProtocol destroy
INFO: Destroying ProtocolHandler ["http-bio-8080"]
Nov 13, 2012 3:46:55 PM org.apache.coyote.AbstractProtocol destroy
INFO: Destroying ProtocolHandler ["ajp-bio-8009"]
Nov 13, 2012 3:47:13 PM org.apache.catalina.core.AprLifecycleListener init
INFO: The APR based Apache Tomcat Native library which allows optimal performance in production environments was not found on the java.library.path: /usr/lib/jvm/java-6-openjdk-amd64/jre/lib/amd64/server:/usr/lib/jvm/java-6-openjdk-amd64/jre/lib/amd64:/usr/lib/jvm/java-6-openjdk-amd64/jre/../lib/amd64:/usr/java/packages/lib/amd64:/usr/lib/x86_64-linux-gnu/jni:/lib/x86_64-linux-gnu:/usr/lib/x86_64-linux-gnu:/usr/lib/jni:/lib:/usr/lib
Nov 13, 2012 3:47:13 PM org.apache.coyote.AbstractProtocol init
INFO: Initializing ProtocolHandler ["http-bio-8080"]
Nov 13, 2012 3:47:13 PM org.apache.coyote.AbstractProtocol init
INFO: Initializing ProtocolHandler ["ajp-bio-8009"]
Nov 13, 2012 3:47:13 PM org.apache.catalina.startup.Catalina load
INFO: Initialization processed in 683 ms
Nov 13, 2012 3:47:13 PM org.apache.catalina.core.StandardService startInternal
INFO: Starting service Catalina
Nov 13, 2012 3:47:13 PM org.apache.catalina.core.StandardEngine startInternal
INFO: Starting Servlet Engine: Apache Tomcat/7.0.22
Nov 13, 2012 3:47:14 PM org.apache.coyote.AbstractProtocol start
INFO: Starting ProtocolHandler ["http-bio-8080"]
Nov 13, 2012 3:47:14 PM org.apache.coyote.AbstractProtocol start
INFO: Starting ProtocolHandler ["ajp-bio-8009"]
Nov 13, 2012 3:47:14 PM org.apache.catalina.startup.Catalina start
INFO: Server startup in 729 ms
Nov 13, 2012 3:48:11 PM org.apache.catalina.core.AprLifecycleListener init
INFO: The APR based Apache Tomcat Native library which allows optimal performance in production environments was not found on the java.library.path: /usr/lib/jvm/java-6-openjdk-amd64/jre/lib/amd64/server:/usr/lib/jvm/java-6-openjdk-amd64/jre/lib/amd64:/usr/lib/jvm/java-6-openjdk-amd64/jre/../lib/amd64:/usr/java/packages/lib/amd64:/usr/lib/x86_64-linux-gnu/jni:/lib/x86_64-linux-gnu:/usr/lib/x86_64-linux-gnu:/usr/lib/jni:/lib:/usr/lib
Nov 13, 2012 3:48:11 PM org.apache.coyote.AbstractProtocol init
INFO: Initializing ProtocolHandler ["http-bio-8080"]
Nov 13, 2012 3:48:11 PM org.apache.coyote.AbstractProtocol init
INFO: Initializing ProtocolHandler ["ajp-bio-8009"]
Nov 13, 2012 3:48:11 PM org.apache.catalina.startup.Catalina load
INFO: Initialization processed in 758 ms
Nov 13, 2012 3:48:11 PM org.apache.catalina.core.StandardService startInternal
INFO: Starting service Catalina
Nov 13, 2012 3:48:11 PM org.apache.catalina.core.StandardEngine startInternal
INFO: Starting Servlet Engine: Apache Tomcat/7.0.22
Nov 13, 2012 3:48:12 PM org.apache.coyote.AbstractProtocol start
INFO: Starting ProtocolHandler ["http-bio-8080"]
Nov 13, 2012 3:48:12 PM org.apache.coyote.AbstractProtocol start
INFO: Starting ProtocolHandler ["ajp-bio-8009"]
Nov 13, 2012 3:48:12 PM org.apache.catalina.startup.Catalina start
INFO: Server startup in 900 ms
Nov 13, 2012 3:48:26 PM globo.bbb.datastore.pool.ConnectionPool start
INFO: Iniciando o pool de conexões
SLF4J: Failed to load class "org.slf4j.impl.StaticLoggerBinder".
SLF4J: Defaulting to no-operation (NOP) logger implementation
SLF4J: See http://www.slf4j.org/codes.html#StaticLoggerBinder for further details.
Nov 13, 2012 3:49:11 PM org.apache.catalina.core.StandardServer await
INFO: A valid shutdown command was received via the shutdown port. Stopping the Server instance.
Nov 13, 2012 3:49:11 PM org.apache.coyote.AbstractProtocol pause
INFO: Pausing ProtocolHandler ["http-bio-8080"]
Nov 13, 2012 3:49:12 PM org.apache.coyote.AbstractProtocol pause
INFO: Pausing ProtocolHandler ["ajp-bio-8009"]
Nov 13, 2012 3:49:13 PM org.apache.catalina.core.StandardService stopInternal
INFO: Stopping service Catalina
Nov 13, 2012 3:49:13 PM org.apache.catalina.loader.WebappClassLoader clearReferencesThreads
SEVERE: The web application [/BBB] appears to have started a thread named [VolteReader] but has failed to stop it. This is very likely to create a memory leak.
Nov 13, 2012 3:49:13 PM org.apache.catalina.loader.WebappClassLoader clearReferencesThreads
SEVERE: The web application [/BBB] appears to have started a thread named [TotalVoltesUpdate] but has failed to stop it. This is very likely to create a memory leak.
Nov 13, 2012 3:49:13 PM org.apache.coyote.AbstractProtocol stop
INFO: Stopping ProtocolHandler ["http-bio-8080"]
Nov 13, 2012 3:49:13 PM org.apache.coyote.AbstractProtocol stop
INFO: Stopping ProtocolHandler ["ajp-bio-8009"]
Nov 13, 2012 3:49:13 PM org.apache.coyote.AbstractProtocol destroy
INFO: Destroying ProtocolHandler ["http-bio-8080"]
Nov 13, 2012 3:49:13 PM org.apache.coyote.AbstractProtocol destroy
INFO: Destroying ProtocolHandler ["ajp-bio-8009"]
Nov 13, 2012 3:49:53 PM org.apache.catalina.core.AprLifecycleListener init
INFO: The APR based Apache Tomcat Native library which allows optimal performance in production environments was not found on the java.library.path: /usr/lib/jvm/java-6-openjdk-amd64/jre/lib/amd64/server:/usr/lib/jvm/java-6-openjdk-amd64/jre/lib/amd64:/usr/lib/jvm/java-6-openjdk-amd64/jre/../lib/amd64:/usr/java/packages/lib/amd64:/usr/lib/x86_64-linux-gnu/jni:/lib/x86_64-linux-gnu:/usr/lib/x86_64-linux-gnu:/usr/lib/jni:/lib:/usr/lib
Nov 13, 2012 3:49:53 PM org.apache.coyote.AbstractProtocol init
INFO: Initializing ProtocolHandler ["http-bio-8080"]
Nov 13, 2012 3:49:53 PM org.apache.coyote.AbstractProtocol init
INFO: Initializing ProtocolHandler ["ajp-bio-8009"]
Nov 13, 2012 3:49:53 PM org.apache.catalina.startup.Catalina load
INFO: Initialization processed in 965 ms
Nov 13, 2012 3:49:53 PM org.apache.catalina.core.StandardService startInternal
INFO: Starting service Catalina
Nov 13, 2012 3:49:53 PM org.apache.catalina.core.StandardEngine startInternal
INFO: Starting Servlet Engine: Apache Tomcat/7.0.22
Nov 13, 2012 3:49:54 PM org.apache.coyote.AbstractProtocol start
INFO: Starting ProtocolHandler ["http-bio-8080"]
Nov 13, 2012 3:49:54 PM org.apache.coyote.AbstractProtocol start
INFO: Starting ProtocolHandler ["ajp-bio-8009"]
Nov 13, 2012 3:49:54 PM org.apache.catalina.startup.Catalina start
INFO: Server startup in 1006 ms
Nov 13, 2012 3:49:59 PM globo.bbb.datastore.pool.ConnectionPool start
INFO: Iniciando o pool de conexões
SLF4J: Failed to load class "org.slf4j.impl.StaticLoggerBinder".
SLF4J: Defaulting to no-operation (NOP) logger implementation
SLF4J: See http://www.slf4j.org/codes.html#StaticLoggerBinder for further details.
NotFoundException()
	at org.apache.cassandra.thrift.Cassandra$get_result.read(Cassandra.java:5938)
	at org.apache.thrift.TServiceClient.receiveBase(TServiceClient.java:78)
	at org.apache.cassandra.thrift.Cassandra$Client.recv_get(Cassandra.java:505)
	at org.apache.cassandra.thrift.Cassandra$Client.get(Cassandra.java:490)
	at globo.bbb.datastore.VolteReader.readVoltesCounters(VolteReader.java:83)
	at globo.bbb.datastore.VolteReader.access$0(VolteReader.java:69)
	at globo.bbb.datastore.VolteReader$1.run(VolteReader.java:45)
	at java.lang.Thread.run(Thread.java:679)
NotFoundException()
	at org.apache.cassandra.thrift.Cassandra$get_result.read(Cassandra.java:5938)
	at org.apache.thrift.TServiceClient.receiveBase(TServiceClient.java:78)
	at org.apache.cassandra.thrift.Cassandra$Client.recv_get(Cassandra.java:505)
	at org.apache.cassandra.thrift.Cassandra$Client.get(Cassandra.java:490)
	at globo.bbb.datastore.VolteReader.readVoltesCounters(VolteReader.java:83)
	at globo.bbb.datastore.VolteReader.access$0(VolteReader.java:69)
	at globo.bbb.datastore.VolteReader$1.run(VolteReader.java:45)
	at java.lang.Thread.run(Thread.java:679)
Nov 13, 2012 3:53:55 PM org.apache.catalina.core.StandardServer await
INFO: A valid shutdown command was received via the shutdown port. Stopping the Server instance.
Nov 13, 2012 3:53:55 PM org.apache.coyote.AbstractProtocol pause
INFO: Pausing ProtocolHandler ["http-bio-8080"]
Nov 13, 2012 3:53:56 PM org.apache.coyote.AbstractProtocol pause
INFO: Pausing ProtocolHandler ["ajp-bio-8009"]
Nov 13, 2012 3:53:57 PM org.apache.catalina.core.StandardService stopInternal
INFO: Stopping service Catalina
Nov 13, 2012 3:53:57 PM org.apache.catalina.loader.WebappClassLoader clearReferencesThreads
SEVERE: The web application [/BBB] appears to have started a thread named [VolteReader] but has failed to stop it. This is very likely to create a memory leak.
Nov 13, 2012 3:53:57 PM org.apache.catalina.loader.WebappClassLoader clearReferencesThreads
SEVERE: The web application [/BBB] appears to have started a thread named [TotalVoltesUpdate] but has failed to stop it. This is very likely to create a memory leak.
Nov 13, 2012 3:53:57 PM org.apache.coyote.AbstractProtocol stop
INFO: Stopping ProtocolHandler ["http-bio-8080"]
Nov 13, 2012 3:53:57 PM org.apache.coyote.AbstractProtocol stop
INFO: Stopping ProtocolHandler ["ajp-bio-8009"]
Nov 13, 2012 3:53:57 PM org.apache.coyote.AbstractProtocol destroy
INFO: Destroying ProtocolHandler ["http-bio-8080"]
Nov 13, 2012 3:53:57 PM org.apache.coyote.AbstractProtocol destroy
INFO: Destroying ProtocolHandler ["ajp-bio-8009"]
